#
# There is insufficient memory for the Java Runtime Environment to continue.
# Native memory allocation (malloc) failed to allocate 37456 bytes for Chunk::new
# Possible reasons:
#   The system is out of physical RAM or swap space
#   In 32 bit mode, the process size limit was hit
# Possible solutions:
#   Reduce memory load on the system
#   Increase physical memory or swap space
#   Check if swap backing store is full
#   Use 64 bit Java on a 64 bit OS
#   Decrease Java heap size (-Xmx/-Xms)
#   Decrease number of Java threads
#   Decrease Java thread stack sizes (-Xss)
#   Set larger code cache with -XX:ReservedCodeCacheSize=
# This output file may be truncated or incomplete.
#
#  Out of Memory Error (allocation.cpp:390), pid=22368, tid=0x0000000000002554
#
# JRE version: Java(TM) SE Runtime Environment (8.0_171-b11) (build 1.8.0_171-b11)
# Java VM: Java HotSpot(TM) 64-Bit Server VM (25.171-b11 mixed mode windows-amd64 compressed oops)
# Failed to write core dump. Minidumps are not enabled by default on client versions of Windows
#

---------------  T H R E A D  ---------------

Current thread (0x000000001a155800):  JavaThread "C2 CompilerThread0" daemon [_thread_in_native, id=9556, stack(0x000000001a8f0000,0x000000001a9f0000)]

Stack: [0x000000001a8f0000,0x000000001a9f0000]
[error occurred during error reporting (printing stack bounds), id 0xc0000005]

Native frames: (J=compiled Java code, j=interpreted, Vv=VM code, C=native code)


Current CompileTask:
C2:   1269  568       4       java.util.HashMap::get (23 bytes)


---------------  P R O C E S S  ---------------

Java Threads: ( => current thread )
  0x000000001a1fc000 JavaThread "Service Thread" daemon [_thread_blocked, id=22724, stack(0x000000001acf0000,0x000000001adf0000)]
  0x000000001a15f800 JavaThread "C1 CompilerThread3" daemon [_thread_blocked, id=5980, stack(0x000000001abf0000,0x000000001acf0000)]
  0x000000001a15c800 JavaThread "C2 CompilerThread2" daemon [_thread_blocked, id=12292, stack(0x000000001aaf0000,0x000000001abf0000)]
  0x000000001a156800 JavaThread "C2 CompilerThread1" daemon [_thread_blocked, id=31796, stack(0x000000001a9f0000,0x000000001aaf0000)]
=>0x000000001a155800 JavaThread "C2 CompilerThread0" daemon [_thread_in_native, id=9556, stack(0x000000001a8f0000,0x000000001a9f0000)]
  0x000000001a152800 JavaThread "Monitor Ctrl-Break" daemon [_thread_in_native, id=20252, stack(0x000000001a7f0000,0x000000001a8f0000)]
  0x000000001a0cb000 JavaThread "Attach Listener" daemon [_thread_blocked, id=23408, stack(0x000000001a6f0000,0x000000001a7f0000)]
  0x000000001a128800 JavaThread "Signal Dispatcher" daemon [_thread_blocked, id=22276, stack(0x000000001a5f0000,0x000000001a6f0000)]
  0x000000001a0b0800 JavaThread "Finalizer" daemon [_thread_blocked, id=30900, stack(0x000000001a490000,0x000000001a590000)]
  0x000000000320a000 JavaThread "Reference Handler" daemon [_thread_blocked, id=16460, stack(0x0000000019f90000,0x000000001a090000)]
  0x0000000003113000 JavaThread "main" [_thread_in_vm, id=32996, stack(0x0000000002e30000,0x0000000002f30000)]

Other Threads:
  0x000000001817a800 VMThread [stack: 0x0000000019e90000,0x0000000019f90000] [id=29452]
  0x000000001a203800 WatcherThread [stack: 0x000000001adf0000,0x000000001aef0000] [id=24144]

VM state:not at safepoint (normal execution)

VM Mutex/Monitor currently owned by a thread: None

Heap:
 PSYoungGen      total 38400K, used 25535K [0x00000000d5f80000, 0x00000000d8a00000, 0x0000000100000000)
  eden space 33280K, 76% used [0x00000000d5f80000,0x00000000d786ff00,0x00000000d8000000)
  from space 5120K, 0% used [0x00000000d8500000,0x00000000d8500000,0x00000000d8a00000)
  to   space 5120K, 0% used [0x00000000d8000000,0x00000000d8000000,0x00000000d8500000)
 ParOldGen       total 87552K, used 0K [0x0000000081e00000, 0x0000000087380000, 0x00000000d5f80000)
  object space 87552K, 0% used [0x0000000081e00000,0x0000000081e00000,0x0000000087380000)
 Metaspace       used 8417K, capacity 8580K, committed 8832K, reserved 1058816K
  class space    used 999K, capacity 1052K, committed 1152K, reserved 1048576K

Card table byte_map: [0x00000000125d0000,0x00000000129d0000] byte_map_base: 0x00000000121c1000

Marking Bits: (ParMarkBitMap*) 0x000000006f4908c0
 Begin Bits: [0x0000000013480000, 0x0000000015408000)
 End Bits:   [0x0000000015408000, 0x0000000017390000)

Polling page: 0x0000000001300000

CodeCache: size=245760Kb used=2659Kb max_used=2660Kb free=243100Kb
 bounds [0x0000000003210000, 0x00000000034b0000, 0x0000000012210000]
 total_blobs=896 nmethods=568 adapters=241
 compilation: enabled

Compilation events (10 events):
Event: 1.258 Thread 0x000000001a15f800  562       3       sun.misc.ProxyGenerator$ConstantPool$IndirectEntry::<init> (21 bytes)
Event: 1.258 Thread 0x000000001a15f800 nmethod 562 0x00000000034a62d0 code [0x00000000034a6440, 0x00000000034a66b0]
Event: 1.258 Thread 0x000000001a15f800  563       3       sun.misc.ProxyGenerator$ConstantPool::getClass (21 bytes)
Event: 1.259 Thread 0x000000001a15f800 nmethod 563 0x00000000034a6810 code [0x00000000034a69c0, 0x00000000034a6ec8]
Event: 1.259 Thread 0x000000001a156800 nmethod 558 0x00000000034aa010 code [0x00000000034aa160, 0x00000000034aa3b8]
Event: 1.260 Thread 0x000000001a15f800  566       3       java.util.TreeMap$PrivateEntryIterator::<init> (28 bytes)
Event: 1.260 Thread 0x000000001a15f800 nmethod 566 0x00000000034a9b90 code [0x00000000034a9d00, 0x00000000034a9f10]
Event: 1.261 Thread 0x000000001a15f800  567       3       java.lang.ClassLoader::preDefineClass (109 bytes)
Event: 1.262 Thread 0x000000001a15f800 nmethod 567 0x00000000034a7ad0 code [0x00000000034a7da0, 0x00000000034a92c8]
Event: 1.265 Thread 0x000000001a155800  568       4       java.util.HashMap::get (23 bytes)

GC Heap History (0 events):
No events

Deoptimization events (2 events):
Event: 0.365 Thread 0x0000000003113000 Uncommon trap: reason=unstable_if action=reinterpret pc=0x000000000337c3d8 method=sun.nio.cs.UTF_8$Encoder.encode([CII[B)I @ 33
Event: 0.967 Thread 0x0000000003113000 Uncommon trap: reason=unstable_if action=reinterpret pc=0x0000000003422064 method=org.codehaus.plexus.util.xml.pull.MXParser.more()C @ 8

Classes redefined (0 events):
No events

Internal exceptions (6 events):
Event: 0.042 Thread 0x0000000003113000 Exception <a 'java/lang/NoSuchMethodError': Method sun.misc.Unsafe.defineClass(Ljava/lang/String;[BII)Ljava/lang/Class; name or signature does not match> (0x00000000d5f87cb0) thrown at [C:\re\workspace\8-2-build-windows-amd64-cygwin\jdk8u171\10807\hotspot
Event: 0.042 Thread 0x0000000003113000 Exception <a 'java/lang/NoSuchMethodError': Method sun.misc.Unsafe.prefetchRead(Ljava/lang/Object;J)V name or signature does not match> (0x00000000d5f87f98) thrown at [C:\re\workspace\8-2-build-windows-amd64-cygwin\jdk8u171\10807\hotspot\src\share\vm\prim
Event: 0.331 Thread 0x0000000003113000 Exception <a 'java/security/PrivilegedActionException'> (0x00000000d64ae0d8) thrown at [C:\re\workspace\8-2-build-windows-amd64-cygwin\jdk8u171\10807\hotspot\src\share\vm\prims\jvm.cpp, line 1435]
Event: 0.331 Thread 0x0000000003113000 Exception <a 'java/security/PrivilegedActionException'> (0x00000000d64ae4d0) thrown at [C:\re\workspace\8-2-build-windows-amd64-cygwin\jdk8u171\10807\hotspot\src\share\vm\prims\jvm.cpp, line 1435]
Event: 0.332 Thread 0x0000000003113000 Exception <a 'java/security/PrivilegedActionException'> (0x00000000d64b25c8) thrown at [C:\re\workspace\8-2-build-windows-amd64-cygwin\jdk8u171\10807\hotspot\src\share\vm\prims\jvm.cpp, line 1435]
Event: 0.332 Thread 0x0000000003113000 Exception <a 'java/security/PrivilegedActionException'> (0x00000000d64b29c0) thrown at [C:\re\workspace\8-2-build-windows-amd64-cygwin\jdk8u171\10807\hotspot\src\share\vm\prims\jvm.cpp, line 1435]

Events (10 events):
Event: 1.264 loading class java/util/concurrent/TimeoutException done
Event: 1.264 loading class java/util/concurrent/CancellationException
Event: 1.264 loading class java/util/concurrent/CancellationException done
Event: 1.265 loading class com/google/common/util/concurrent/AbstractFuture$UnsafeAtomicHelper$1
Event: 1.265 loading class com/google/common/util/concurrent/AbstractFuture$UnsafeAtomicHelper$1 done
Event: 1.265 loading class com/google/common/util/concurrent/AbstractFuture$Listener
Event: 1.265 loading class com/google/common/util/concurrent/AbstractFuture$Listener done
Event: 1.265 loading class com/google/common/util/concurrent/AbstractFuture$Waiter
Event: 1.265 loading class com/google/common/util/concurrent/AbstractFuture$Waiter done
Event: 1.266 loading class java/util/concurrent/locks/LockSupport


Dynamic libraries:
0x00007ff78d910000 - 0x00007ff78d947000 	C:\Program Files\Java\jdk1.8.0_171\bin\java.exe
0x00007fffcb9d0000 - 0x00007fffcbbb1000 	C:\WINDOWS\SYSTEM32\ntdll.dll
0x00007fffc90b0000 - 0x00007fffc9161000 	C:\WINDOWS\System32\KERNEL32.DLL
0x00007fffc8400000 - 0x00007fffc8673000 	C:\WINDOWS\System32\KERNELBASE.dll
0x00007fffc8e60000 - 0x00007fffc8f01000 	C:\WINDOWS\System32\ADVAPI32.dll
0x00007fffc9750000 - 0x00007fffc97ee000 	C:\WINDOWS\System32\msvcrt.dll
0x00007fffc93c0000 - 0x00007fffc941b000 	C:\WINDOWS\System32\sechost.dll
0x00007fffcb4f0000 - 0x00007fffcb614000 	C:\WINDOWS\System32\RPCRT4.dll
0x00007fffcb6c0000 - 0x00007fffcb850000 	C:\WINDOWS\System32\USER32.dll
0x00007fffc8e40000 - 0x00007fffc8e60000 	C:\WINDOWS\System32\win32u.dll
0x00007fffc9a50000 - 0x00007fffc9a78000 	C:\WINDOWS\System32\GDI32.dll
0x00007fffc7fd0000 - 0x00007fffc8162000 	C:\WINDOWS\System32\gdi32full.dll
0x00007fffc8360000 - 0x00007fffc83ff000 	C:\WINDOWS\System32\msvcp_win.dll
0x00007fffc7e20000 - 0x00007fffc7f18000 	C:\WINDOWS\System32\ucrtbase.dll
0x00007fffbc620000 - 0x00007fffbc889000 	C:\WINDOWS\WinSxS\amd64_microsoft.windows.common-controls_6595b64144ccf1df_6.0.17134.706_none_fb43a2cb30647007\COMCTL32.dll
0x00007fffc9420000 - 0x00007fffc9742000 	C:\WINDOWS\System32\combase.dll
0x00007fffc7da0000 - 0x00007fffc7e1a000 	C:\WINDOWS\System32\bcryptPrimitives.dll
0x00007fffc9980000 - 0x00007fffc99ad000 	C:\WINDOWS\System32\IMM32.DLL
0x000000006f510000 - 0x000000006f5e2000 	C:\Program Files\Java\jdk1.8.0_171\jre\bin\msvcr100.dll
0x000000006ec70000 - 0x000000006f510000 	C:\Program Files\Java\jdk1.8.0_171\jre\bin\server\jvm.dll
0x00007fffc9910000 - 0x00007fffc9918000 	C:\WINDOWS\System32\PSAPI.DLL
0x00007fffb15e0000 - 0x00007fffb15e9000 	C:\WINDOWS\SYSTEM32\WSOCK32.dll
0x00007fffbe4b0000 - 0x00007fffbe4ba000 	C:\WINDOWS\SYSTEM32\VERSION.dll
0x00007fffc5c50000 - 0x00007fffc5c73000 	C:\WINDOWS\SYSTEM32\WINMM.dll
0x00007fffcb630000 - 0x00007fffcb69c000 	C:\WINDOWS\System32\WS2_32.dll
0x00007fffc5b30000 - 0x00007fffc5b5a000 	C:\WINDOWS\SYSTEM32\winmmbase.dll
0x00007fffc7f80000 - 0x00007fffc7fc9000 	C:\WINDOWS\System32\cfgmgr32.dll
0x000000006ec60000 - 0x000000006ec6f000 	C:\Program Files\Java\jdk1.8.0_171\jre\bin\verify.dll
0x000000006ec30000 - 0x000000006ec59000 	C:\Program Files\Java\jdk1.8.0_171\jre\bin\java.dll
0x000000006ebb0000 - 0x000000006ebd3000 	C:\Program Files\Java\jdk1.8.0_171\jre\bin\instrument.dll
0x000000006ec10000 - 0x000000006ec26000 	C:\Program Files\Java\jdk1.8.0_171\jre\bin\zip.dll
0x00007fffca0b0000 - 0x00007fffcb4f0000 	C:\WINDOWS\System32\SHELL32.dll
0x00007fffc9860000 - 0x00007fffc9909000 	C:\WINDOWS\System32\shcore.dll
0x00007fffc8730000 - 0x00007fffc8e3d000 	C:\WINDOWS\System32\windows.storage.dll
0x00007fffc9a80000 - 0x00007fffc9ad1000 	C:\WINDOWS\System32\shlwapi.dll
0x00007fffc7d10000 - 0x00007fffc7d21000 	C:\WINDOWS\System32\kernel.appcore.dll
0x00007fffc7d30000 - 0x00007fffc7d4f000 	C:\WINDOWS\System32\profapi.dll
0x00007fffc7d50000 - 0x00007fffc7d9c000 	C:\WINDOWS\System32\powrprof.dll
0x00007fffc7d00000 - 0x00007fffc7d0a000 	C:\WINDOWS\System32\FLTLIB.DLL
0x00007fffc1c20000 - 0x00007fffc1c3a000 	C:\Program Files\JetBrains\IntelliJ IDEA 2018.2.4\bin\breakgen64.dll
0x000000006eb60000 - 0x000000006eb7a000 	C:\Program Files\Java\jdk1.8.0_171\jre\bin\net.dll
0x00007fffc7560000 - 0x00007fffc75c6000 	C:\WINDOWS\system32\mswsock.dll
0x00007fffc7710000 - 0x00007fffc7727000 	C:\WINDOWS\SYSTEM32\CRYPTSP.dll
0x00007fffc7140000 - 0x00007fffc7173000 	C:\WINDOWS\system32\rsaenh.dll
0x00007fffc7840000 - 0x00007fffc7865000 	C:\WINDOWS\SYSTEM32\bcrypt.dll
0x00007fffc7be0000 - 0x00007fffc7c08000 	C:\WINDOWS\SYSTEM32\USERENV.dll
0x00007fffc7730000 - 0x00007fffc773b000 	C:\WINDOWS\SYSTEM32\CRYPTBASE.dll
0x00007fffc72e0000 - 0x00007fffc7318000 	C:\WINDOWS\SYSTEM32\IPHLPAPI.DLL
0x00007fffc97f0000 - 0x00007fffc97f8000 	C:\WINDOWS\System32\NSI.dll
0x00007fffc0360000 - 0x00007fffc0376000 	C:\WINDOWS\SYSTEM32\dhcpcsvc6.DLL
0x00007fffc02a0000 - 0x00007fffc02ba000 	C:\WINDOWS\SYSTEM32\dhcpcsvc.DLL
0x000000006eb40000 - 0x000000006eb51000 	C:\Program Files\Java\jdk1.8.0_171\jre\bin\nio.dll
0x00007fffc2b40000 - 0x00007fffc2b4a000 	C:\Users\liuyj\AppData\Local\Temp\jansi-1.17.1-5928743646344817358.dll
0x00007fffc2b30000 - 0x00007fffc2b3a000 	C:\Users\liuyj\AppData\Local\Temp\jansi-1.17.1-2246768270554192120.dll

VM Arguments:
jvm_args: -Dmaven.multiModuleProjectDirectory=C:\githubRepositories\shopping\ashop -Dmaven.home=C:\bai_zhan\7\02-maven\ziliao\apache-maven-3.5.4 -Dclassworlds.conf=C:\bai_zhan\7\02-maven\ziliao\apache-maven-3.5.4\bin\m2.conf -javaagent:C:\Program Files\JetBrains\IntelliJ IDEA 2018.2.4\lib\idea_rt.jar=63841:C:\Program Files\JetBrains\IntelliJ IDEA 2018.2.4\bin -Dfile.encoding=UTF-8 
java_command: org.codehaus.classworlds.Launcher -Didea.version=2018.2.4 -s C:\bai_zhan\7\02-maven\ziliao\链接阿里镜像配置文件\settings.xml -Dmaven.repo.local=C:\bai_zhan\7\02-maven\ziliao\LocalWareHouse install
java_class_path (initial): C:\bai_zhan\7\02-maven\ziliao\apache-maven-3.5.4\boot\plexus-classworlds-2.5.2.jar;C:\Program Files\JetBrains\IntelliJ IDEA 2018.2.4\lib\idea_rt.jar
Launcher Type: SUN_STANDARD

Environment Variables:
JAVA_HOME=C:\Program Files\Java\jdk1.8.0_171
PATH=C:\app\liuyj\product\11.2.0\dbhome_1\bin;C:\bai_zhan\7\02-maven\ziliao\apache-maven-3.5.4\bin;C:\bai_zhan\apache-tomcat-7.0.69\bin;C:\Program Files\Java\jdk1.8.0_171\bin;C:\Users\liuyj\AppData\Local\Programs\Python\Python37;C:\Users\liuyj\AppData\Local\Programs\Python\Python37\Scripts;C:\Program Files (x86)\Intel\iCLS Client\;C:\Program Files\Intel\iCLS Client\;C:\Windows\system32;C:\Windows;C:\Windows\System32\Wbem;C:\Windows\System32\WindowsPowerShell\v1.0\;C:\Program Files\Intel\WiFi\bin\;C:\Program Files\Common Files\Intel\WirelessCommon\;C:\Program Files (x86)\NVIDIA Corporation\PhysX\Common;C:\Program Files (x86)\Intel\Intel(R) Management Engine Components\DAL;C:\Program Files\Intel\Intel(R) Management Engine Components\DAL;C:\Program Files (x86)\Intel\Intel(R) Management Engine Components\IPT;C:\Program Files\Intel\Intel(R) Management Engine Components\IPT;C:\Program Files (x86)\openocd\0.6.0\bin;C:\安装的文件;%Sys;emRoot%\system32;C:\WINDOWS;C:\WINDOWS\System32\Wbem;C:\WINDOWS\System32\WindowsPowerShell\v1.0\;C:\WINDOWS\System32\OpenSSH\;C:\Program Files (x86)\MySQL\MySQL Server 5.5\bin;C:\Program Files\Git\cmd;C:\Program Files\TortoiseGit\bin;C:\Program Files\MATLAB\R2017a\runtime\win64;C:\Program Files\MATLAB\R2017a\bin;C:\bai_zhan\7\02-maven\ziliao\apache-maven-3.5.4\bin;C:\Program Files (x86)\Microsoft Visual Studio\Common\Tools\WinNT;C:\Program Files (x86)\Microsoft Visual Studio\Common\MSDev98\Bin;C:\Program Files (x86)\Microsoft Visual Studio\Common\Tools;C:\Program Files (x86)\Microsoft Visual Studio\VC98\bin;C:\Users\liuyj\AppData\Local\Microsoft\WindowsApps;C:\Program Files (x86)\openocd\0.6.0\bin;C:\Users\liuyj\AppData\Local\Programs\Microsoft VS Code\bin;C:\Users\liuyj\AppData\Local\GitHubDesktop\bin
USERNAME=liuyj
OS=Windows_NT
PROCESSOR_IDENTIFIER=Intel64 Family 6 Model 142 Stepping 10, GenuineIntel



---------------  S Y S T E M  ---------------

OS: Windows 10.0 , 64 bit Build 17134 (10.0.17134.706)

CPU:total 8 (initial active 8) (4 cores per cpu, 2 threads per core) family 6 model 142 stepping 10, cmov, cx8, fxsr, mmx, sse, sse2, sse3, ssse3, sse4.1, sse4.2, popcnt, avx, avx2, aes, clmul, erms, 3dnowpref, lzcnt, ht, tsc, tscinvbit, bmi1, bmi2, adx

Memory: 4k page, physical 8262888k(617084k free), swap 33428712k(3000k free)

vm_info: Java HotSpot(TM) 64-Bit Server VM (25.171-b11) for windows-amd64 JRE (1.8.0_171-b11), built on Mar 28 2018 16:06:12 by "java_re" with MS VC++ 10.0 (VS2010)

time: Fri May 10 17:35:37 2019
elapsed time: 1 seconds (0d 0h 0m 1s)

